[2025-09-12 09:10:01] - --- NEW REQUEST ---
[2025-09-12 09:10:01] - Raw Update: 
[2025-09-12 09:10:01] - WARNING: Unhandled update type received.
[2025-09-12 09:25:34] - Attempting to set webhook to: https://5b9498028fca.ngrok-free.app
[2025-09-12 09:26:50] - Attempting to set webhook to: https://5b9498028fca.ngrok-free.app
[2025-09-12 09:26:53] - ERROR: Failed to set webhook. Response: 
[2025-09-12 09:26:53] - --- NEW REQUEST ---
[2025-09-12 09:26:53] - Raw Update: 
[2025-09-12 09:26:53] - WARNING: Unhandled update type received.
[2025-09-12 09:27:47] - Attempting to set webhook to: https://5b9498028fca.ngrok-free.app
[2025-09-12 09:27:49] - ERROR: Failed to set webhook. Response: 
[2025-09-12 09:27:49] - --- NEW REQUEST ---
[2025-09-12 09:27:49] - Raw Update: 
[2025-09-12 09:27:49] - WARNING: Unhandled update type received.
[2025-09-12 09:28:13] - Attempting to set webhook to: https://5b9498028fca.ngrok-free.app
[2025-09-12 09:28:15] - ERROR: Failed to set webhook. Response: 
[2025-09-12 09:28:15] - --- NEW REQUEST ---
[2025-09-12 09:28:15] - Raw Update: 
[2025-09-12 09:28:15] - WARNING: Unhandled update type received.
[2025-09-12 09:29:37] - Attempting to set webhook to: https://5b9498028fca.ngrok-free.app
[2025-09-12 09:29:37] - ERROR: Failed to set webhook. Response: {"ok":false,"error_code":404,"description":"Not Found"}
[2025-09-12 09:29:37] - --- NEW REQUEST ---
[2025-09-12 09:29:37] - Raw Update: 
[2025-09-12 09:29:37] - WARNING: Unhandled update type received.
[2025-09-12 09:38:29] - Attempting to set webhook to: https://5b9498028fca.ngrok-free.app
[2025-09-12 09:38:29] - ERROR: Failed to set webhook. Response: {"ok":false,"error_code":404,"description":"Not Found"}
[2025-09-12 09:40:32] - Attempting to set webhook to: https://5b9498028fca.ngrok-free.app
[2025-09-12 09:40:33] - SUCCESS: Webhook set successfully. Response: {"ok":true,"result":true,"description":"Webhook was set"}
[2025-09-12 09:40:47] - --- NEW REQUEST ---
[2025-09-12 09:40:47] - Raw Update: {"update_id":676526330,
"message":{"message_id":1012,"from":{"id":5833709924,"is_bot":false,"first_name":"\u0627\u062d\u0645\u062f","last_name":"\u062c\u0627\u0628\u0631 \u0627\u0644\u0635\u0627\u062f\u0642","username":"Ahmed_Gaber_1","language_code":"en","is_premium":true},"chat":{"id":5833709924,"first_name":"\u0627\u062d\u0645\u062f","last_name":"\u062c\u0627\u0628\u0631 \u0627\u0644\u0635\u0627\u062f\u0642","username":"Ahmed_Gaber_1","type":"private"},"date":1757662848,"text":"/start","entities":[{"offset":0,"length":6,"type":"bot_command"}]}}
[2025-09-12 09:40:47] - Message from UserID: 5833709924 (@Ahmed_Gaber_1), ChatID: 5833709924, Text: '/start'
[2025-09-12 09:40:54] - --- NEW REQUEST ---
[2025-09-12 09:40:54] - Raw Update: {"update_id":676526331,
"message":{"message_id":1014,"from":{"id":5833709924,"is_bot":false,"first_name":"\u0627\u062d\u0645\u062f","last_name":"\u062c\u0627\u0628\u0631 \u0627\u0644\u0635\u0627\u062f\u0642","username":"Ahmed_Gaber_1","language_code":"en","is_premium":true},"chat":{"id":5833709924,"first_name":"\u0627\u062d\u0645\u062f","last_name":"\u062c\u0627\u0628\u0631 \u0627\u0644\u0635\u0627\u062f\u0642","username":"Ahmed_Gaber_1","type":"private"},"date":1757662855,"text":"/files","entities":[{"offset":0,"length":6,"type":"bot_command"}]}}
[2025-09-12 09:40:54] - Message from UserID: 5833709924 (@Ahmed_Gaber_1), ChatID: 5833709924, Text: '/files'
[2025-09-12 09:41:00] - --- NEW REQUEST ---
[2025-09-12 09:41:00] - Raw Update: {"update_id":676526332,
"message":{"message_id":1015,"from":{"id":5833709924,"is_bot":false,"first_name":"\u0627\u062d\u0645\u062f","last_name":"\u062c\u0627\u0628\u0631 \u0627\u0644\u0635\u0627\u062f\u0642","username":"Ahmed_Gaber_1","language_code":"en","is_premium":true},"chat":{"id":5833709924,"first_name":"\u0627\u062d\u0645\u062f","last_name":"\u062c\u0627\u0628\u0631 \u0627\u0644\u0635\u0627\u062f\u0642","username":"Ahmed_Gaber_1","type":"private"},"date":1757662861,"text":"/start","entities":[{"offset":0,"length":6,"type":"bot_command"}]}}
[2025-09-12 09:41:00] - Message from UserID: 5833709924 (@Ahmed_Gaber_1), ChatID: 5833709924, Text: '/start'
[2025-09-12 09:56:43] - --- NEW REQUEST ---
[2025-09-12 09:56:43] - Raw Update: {"update_id":676526333,
"message":{"message_id":1017,"from":{"id":5833709924,"is_bot":false,"first_name":"\u0627\u062d\u0645\u062f","last_name":"\u062c\u0627\u0628\u0631 \u0627\u0644\u0635\u0627\u062f\u0642","username":"Ahmed_Gaber_1","language_code":"en","is_premium":true},"chat":{"id":5833709924,"first_name":"\u0627\u062d\u0645\u062f","last_name":"\u062c\u0627\u0628\u0631 \u0627\u0644\u0635\u0627\u062f\u0642","username":"Ahmed_Gaber_1","type":"private"},"date":1757663804,"text":"/start","entities":[{"offset":0,"length":6,"type":"bot_command"}]}}
[2025-09-12 09:56:43] - Message from UserID: 5833709924 (@Ahmed_Gaber_1), ChatID: 5833709924, Text: '/start'
[2025-09-12 09:58:30] - Attempting to set webhook to: 
[2025-09-12 09:58:33] - ERROR: Failed to set webhook. Response: 
